[INFO] Scanning for projects...
[INFO] 
[INFO] -------------------< cs.msu.edu:csci-468-spring2022 >-------------------
[INFO] Building csci-468-spring2022 1.0-SNAPSHOT
[INFO]   from pom.xml
[INFO] --------------------------------[ jar ]---------------------------------
[INFO] 
[INFO] --- resources:3.3.1:resources (default-resources) @ csci-468-spring2022 ---
[WARNING] Using platform encoding (UTF-8 actually) to copy filtered resources, i.e. build is platform dependent!
[INFO] Copying 5 resources from src/main/resources to target/classes
[INFO] 
[INFO] --- compiler:3.1:compile (default-compile) @ csci-468-spring2022 ---
[INFO] Nothing to compile - all classes are up to date
[INFO] 
[INFO] --- resources:3.3.1:testResources (default-testResources) @ csci-468-spring2022 ---
[WARNING] Using platform encoding (UTF-8 actually) to copy filtered resources, i.e. build is platform dependent!
[INFO] skip non existing resourceDirectory /Users/carson/Projects/msu/csci-468-spring2024/grading/scripts/repos/diego_menegaz/src/test/resources
[INFO] 
[INFO] --- compiler:3.1:testCompile (default-testCompile) @ csci-468-spring2022 ---
[INFO] Nothing to compile - all classes are up to date
[INFO] 
[INFO] --- surefire:2.22.1:test (default-test) @ csci-468-spring2022 ---
[INFO] 
[INFO] -------------------------------------------------------
[INFO]  T E S T S
[INFO] -------------------------------------------------------
[INFO] Running edu.montana.csci.csci468.parser.CatscriptParserExpressionsTest
[ERROR] Tests run: 29, Failures: 0, Errors: 6, Skipped: 0, Time elapsed: 0.04 s <<< FAILURE! - in edu.montana.csci.csci468.parser.CatscriptParserExpressionsTest
[ERROR] parseUnterminatedFunctionCallExpression  Time elapsed: 0.004 s  <<< ERROR!
java.lang.ClassCastException: class edu.montana.csci.csci468.parser.expressions.IdentifierExpression cannot be cast to class edu.montana.csci.csci468.parser.expressions.FunctionCallExpression (edu.montana.csci.csci468.parser.expressions.IdentifierExpression and edu.montana.csci.csci468.parser.expressions.FunctionCallExpression are in unnamed module of loader 'app')
	at edu.montana.csci.csci468.parser.CatscriptParserExpressionsTest.parseUnterminatedFunctionCallExpression(CatscriptParserExpressionsTest.java:110)

[ERROR] parseFunctionCallExpression  Time elapsed: 0.001 s  <<< ERROR!
java.lang.ClassCastException: class edu.montana.csci.csci468.parser.expressions.IdentifierExpression cannot be cast to class edu.montana.csci.csci468.parser.expressions.FunctionCallExpression (edu.montana.csci.csci468.parser.expressions.IdentifierExpression and edu.montana.csci.csci468.parser.expressions.FunctionCallExpression are in unnamed module of loader 'app')
	at edu.montana.csci.csci468.parser.CatscriptParserExpressionsTest.parseFunctionCallExpression(CatscriptParserExpressionsTest.java:96)

[ERROR] parseUnterminatedListLiteralExpression  Time elapsed: 0 s  <<< ERROR!
java.lang.IndexOutOfBoundsException: Index 5 out of bounds for length 5
	at edu.montana.csci.csci468.parser.CatscriptParserExpressionsTest.parseUnterminatedListLiteralExpression(CatscriptParserExpressionsTest.java:89)

[ERROR] parseListLiteralExpression  Time elapsed: 0 s  <<< ERROR!
java.lang.ClassCastException: class java.lang.String cannot be cast to class edu.montana.csci.csci468.parser.expressions.Expression (java.lang.String is in module java.base of loader 'bootstrap'; edu.montana.csci.csci468.parser.expressions.Expression is in unnamed module of loader 'app')
	at edu.montana.csci.csci468.parser.CatscriptParserExpressionsTest.parseListLiteralExpression(CatscriptParserExpressionsTest.java:77)

[ERROR] parseNoArgFunctionCallExpression  Time elapsed: 0 s  <<< ERROR!
java.lang.ClassCastException: class edu.montana.csci.csci468.parser.expressions.IdentifierExpression cannot be cast to class edu.montana.csci.csci468.parser.expressions.FunctionCallExpression (edu.montana.csci.csci468.parser.expressions.IdentifierExpression and edu.montana.csci.csci468.parser.expressions.FunctionCallExpression are in unnamed module of loader 'app')
	at edu.montana.csci.csci468.parser.CatscriptParserExpressionsTest.parseNoArgFunctionCallExpression(CatscriptParserExpressionsTest.java:103)

[ERROR] additiveExpressionsCanBeParenthesized  Time elapsed: 0.002 s  <<< ERROR!
edu.montana.csci.csci468.parser.ParseErrorException: 
Parse Errors Occurred:

Line 1:1 + (1 + 1)
          ^

Error: Unexpected Token

Line 1:1 + (1 + 1)
          ^

Error: Incompatible types


	at edu.montana.csci.csci468.parser.CatscriptParserExpressionsTest.additiveExpressionsCanBeParenthesized(CatscriptParserExpressionsTest.java:39)

[INFO] 
[INFO] Results:
[INFO] 
[ERROR] Errors: 
[ERROR]   CatscriptParserExpressionsTest.additiveExpressionsCanBeParenthesized:39->CatscriptTestBase.parseExpression:28->CatscriptTestBase.parseExpression:35 » ParseError
[ERROR]   CatscriptParserExpressionsTest.parseFunctionCallExpression:96 ClassCast class ...
[ERROR]   CatscriptParserExpressionsTest.parseListLiteralExpression:77->CatscriptTestBase.parseExpression:28->CatscriptTestBase.parseExpression:33 » ClassCast
[ERROR]   CatscriptParserExpressionsTest.parseNoArgFunctionCallExpression:103 ClassCast ...
[ERROR]   CatscriptParserExpressionsTest.parseUnterminatedFunctionCallExpression:110 ClassCast
[ERROR]   CatscriptParserExpressionsTest.parseUnterminatedListLiteralExpression:89->CatscriptTestBase.parseExpression:33 » IndexOutOfBounds
[INFO] 
[ERROR] Tests run: 29, Failures: 0, Errors: 6, Skipped: 0
[INFO] 
[INFO] ------------------------------------------------------------------------
[INFO] BUILD FAILURE
[INFO] ------------------------------------------------------------------------
[INFO] Total time:  1.351 s
[INFO] Finished at: 2024-03-05T11:42:42-07:00
[INFO] ------------------------------------------------------------------------
[ERROR] Failed to execute goal org.apache.maven.plugins:maven-surefire-plugin:2.22.1:test (default-test) on project csci-468-spring2022: There are test failures.
[ERROR] 
[ERROR] Please refer to /Users/carson/Projects/msu/csci-468-spring2024/grading/scripts/repos/diego_menegaz/target/surefire-reports for the individual test results.
[ERROR] Please refer to dump files (if any exist) [date].dump, [date]-jvmRun[N].dump and [date].dumpstream.
[ERROR] -> [Help 1]
[ERROR] 
[ERROR] To see the full stack trace of the errors, re-run Maven with the -e switch.
[ERROR] Re-run Maven using the -X switch to enable full debug logging.
[ERROR] 
[ERROR] For more information about the errors and possible solutions, please read the following articles:
[ERROR] [Help 1] http://cwiki.apache.org/confluence/display/MAVEN/MojoFailureException
